#
# A fatal error has been detected by the Java Runtime Environment:
#
#  EXCEPTION_ACCESS_VIOLATION (0xc0000005) at pc=0x00007ff8ccf5e1a2, pid=10980, tid=4944
#
# JRE version: OpenJDK Runtime Environment Temurin-17.0.3+7 (17.0.3+7) (build 17.0.3+7)
# Java VM: OpenJDK 64-Bit Server VM Temurin-17.0.3+7 (17.0.3+7, mixed mode, tiered, compressed oops, compressed class ptrs, g1 gc, windows-amd64)
# Problematic frame:
# V  [jvm.dll+0x22e1a2]
#
# No core dump will be written. Minidumps are not enabled by default on client versions of Windows
#
# If you would like to submit a bug report, please visit:
#   https://github.com/adoptium/adoptium-support/issues
#

---------------  S U M M A R Y ------------

Command Line: -Dcom.sun.management.jmxremote -Dcom.sun.management.jmxremote.port=52491 -Dcom.sun.management.jmxremote.authenticate=false -Dcom.sun.management.jmxremote.ssl=false -Djava.rmi.server.hostname=localhost -Dspring.application.admin.enabled=true -Dspring.jmx.enabled=true -Dspring.boot.project.name=webbanhang -XX:+ShowCodeDetailsInExceptionMessages com.mywebsite.webbanhang.WebbanhangApplication

Host: Intel(R) Core(TM) i5-4210H CPU @ 2.90GHz, 4 cores, 7G,  Windows 10 , 64 bit Build 19041 (10.0.19041.1202)
Time: Thu Jul 14 15:26:50 2022 SE Asia Standard Time elapsed time: 1685.686135 seconds (0d 0h 28m 5s)

---------------  T H R E A D  ---------------

Current thread (0x0000019461678860):  GCTaskThread "GC Thread#2" [stack: 0x000000802e200000,0x000000802e300000] [id=4944]

Stack: [0x000000802e200000,0x000000802e300000],  sp=0x000000802e2ff860,  free space=1022k
Native frames: (J=compiled Java code, j=interpreted, Vv=VM code, C=native code)
V  [jvm.dll+0x22e1a2]
V  [jvm.dll+0x22f253]
V  [jvm.dll+0x64c028]
V  [jvm.dll+0x680ab3]
V  [jvm.dll+0x307263]
V  [jvm.dll+0x85de5b]
V  [jvm.dll+0x85dea6]
V  [jvm.dll+0x7e0cfa]
V  [jvm.dll+0x674d85]
C  [ucrtbase.dll+0x21bb2]
C  [KERNEL32.DLL+0x17034]
C  [ntdll.dll+0x52651]


siginfo: EXCEPTION_ACCESS_VIOLATION (0xc0000005), reading address 0x0000400000000000


Register to memory mapping:

RIP=0x00007ff8ccf5e1a2 jvm.dll
RAX=0x0000400000000000 is an unknown value
RBX=0x0000400000000000 is an unknown value
RCX=0x0 is NULL
RDX=0x0 is NULL
RSP=0x000000802e2ff860 points into unknown readable memory: 0x0000000000000000 | 00 00 00 00 00 00 00 00
RBP=0x000000802e2ff909 points into unknown readable memory: f8 2f 2e 80 00 00 00
RSI=0x0 is NULL
RDI=0x0 is NULL
R8 =0x0000000000000048 is an unknown value
R9 =0x0000000000000001 is an unknown value
R10=0x00007ff8ccd30000 jvm.dll
R11=0x000000802e2ff820 points into unknown readable memory: 0x0000000000000000 | 00 00 00 00 00 00 00 00
R12=0x0 is NULL
R13=0x00000194615cc280 points into unknown readable memory: 0x0000000000000002 | 02 00 00 00 00 00 00 00
R14=0x000001944b9cd590 is at entry_point+-3376 in (nmethod*)0x000001944b9cd590
R15=0x0000019460d70b00 points into unknown readable memory: 0x00200053006f24d0 | d0 24 6f 00 53 00 20 00


Registers:
RAX=0x0000400000000000, RBX=0x0000400000000000, RCX=0x0000000000000000, RDX=0x0000000000000000
RSP=0x000000802e2ff860, RBP=0x000000802e2ff909, RSI=0x0000000000000000, RDI=0x0000000000000000
R8 =0x0000000000000048, R9 =0x0000000000000001, R10=0x00007ff8ccd30000, R11=0x000000802e2ff820
R12=0x0000000000000000, R13=0x00000194615cc280, R14=0x000001944b9cd590, R15=0x0000019460d70b00
RIP=0x00007ff8ccf5e1a2, EFLAGS=0x0000000000010206

Top of Stack: (sp=0x000000802e2ff860)
0x000000802e2ff860:   0000000000000000 000000802e2ff909
0x000000802e2ff870:   0000000000000000 0000000000000000
0x000000802e2ff880:   0000019460d70bd0 0000019460d70fa8
0x000000802e2ff890:   0000000000000000 000001944b9ce026
0x000000802e2ff8a0:   000001944b9ce2b0 000001944b9cd590
0x000000802e2ff8b0:   000001944b9d50d5 000000000000000a
0x000000802e2ff8c0:   000001944b9ce022 0000000000000000
0x000000802e2ff8d0:   000001944b9ce2c0 000001944b9ce2c0
0x000000802e2ff8e0:   000001944b9d4e60 000001944b9ce2c0
0x000000802e2ff8f0:   000001944b9d4e60 000001944b9d54f8
0x000000802e2ff900:   00007ff8cd666558 000000802e2ff890
0x000000802e2ff910:   000000000000000c 0000000000000000
0x000000802e2ff920:   0000000000000000 0000000000000000
0x000000802e2ff930:   0000019460d70bc0 00000194615cc280
0x000000802e2ff940:   0000019460d70bd0 0000000000000000
0x000000802e2ff950:   0000019460d70fa8 00000000000003d8 

Instructions: (pc=0x00007ff8ccf5e1a2)
0x00007ff8ccf5e0a2:   7d 07 48 8d 4d 87 e8 93 76 49 00 45 32 ff 48 8d
0x00007ff8ccf5e0b2:   1d a1 84 70 00 b9 00 f0 00 00 0f 1f 40 00 48 8b
0x00007ff8ccf5e0c2:   45 8f 48 83 c0 02 48 89 45 8f 48 3b 45 97 0f 84
0x00007ff8ccf5e0d2:   51 03 00 00 66 89 7d bf 0f b7 00 66 23 c1 66 3b
0x00007ff8ccf5e0e2:   c1 75 09 48 8d 4d 87 e8 72 70 49 00 48 8b 45 8f
0x00007ff8ccf5e0f2:   0f b7 10 48 8b 45 87 81 e2 ff 03 00 00 48 03 55
0x00007ff8ccf5e102:   a7 48 89 55 a7 48 85 c0 74 09 48 3b d0 0f 83 12
0x00007ff8ccf5e112:   03 00 00 48 8b 45 8f 0f b7 08 c1 e9 0c 83 e9 02
0x00007ff8ccf5e122:   0f 84 ba 01 00 00 83 e9 01 0f 84 75 01 00 00 83
0x00007ff8ccf5e132:   e9 01 0f 84 c5 00 00 00 83 e9 01 0f 84 b4 00 00
0x00007ff8ccf5e142:   00 83 f9 07 b9 00 f0 00 00 0f 85 6f ff ff ff 45
0x00007ff8ccf5e152:   84 ff 0f 84 66 ff ff ff 49 8b 06 49 8b ce 45 32
0x00007ff8ccf5e162:   ff ff 90 20 02 00 00 84 c0 0f 85 2e 01 00 00 48
0x00007ff8ccf5e172:   8d 45 87 c7 45 07 0c 00 00 00 48 8d 4d f7 48 89
0x00007ff8ccf5e182:   45 ff 48 89 5d f7 e8 73 89 49 00 48 8d 4d f7 e8
0x00007ff8ccf5e192:   aa 77 49 00 48 8b d8 48 85 c0 0f 84 fd 00 00 00
0x00007ff8ccf5e1a2:   48 8b 10 48 8b c8 ff 52 10 84 c0 0f 84 ec 00 00
0x00007ff8ccf5e1b2:   00 48 8b 43 08 48 8b 48 08 48 8b 49 18 48 8b 89
0x00007ff8ccf5e1c2:   98 00 00 00 e8 15 63 fc ff 84 c0 0f 85 cc 00 00
0x00007ff8ccf5e1d2:   00 48 8d 4d f7 e8 44 77 49 00 48 89 38 83 7d 0f
0x00007ff8ccf5e1e2:   00 0f 84 b6 00 00 00 48 8d 4d f7 e8 ae 73 49 00
0x00007ff8ccf5e1f2:   e9 b9 fe ff ff 41 b7 01 e9 b8 fe ff ff 49 8b 1e
0x00007ff8ccf5e202:   48 8d 4d 87 e8 e5 7d 49 00 48 8b d0 49 8b ce ff
0x00007ff8ccf5e212:   93 08 02 00 00 48 8b c8 48 8b f0 48 8b 10 ff 12
0x00007ff8ccf5e222:   48 8b c8 e8 86 44 fd ff 48 8b f8 48 85 c0 74 69
0x00007ff8ccf5e232:   48 8b 10 48 8b c8 ff 52 58 33 db 84 c0 48 0f 45
0x00007ff8ccf5e242:   df 48 85 db 74 53 45 84 e4 75 2d 48 8b 03 48 8b
0x00007ff8ccf5e252:   cb ff 90 c0 00 00 00 84 c0 74 1d 48 8b 03 48 8b
0x00007ff8ccf5e262:   cb ff 90 20 02 00 00 84 c0 75 0d 48 8b 43 70 48
0x00007ff8ccf5e272:   8b 40 48 48 3b c3 74 21 49 8b 06 49 8b ce ff 90
0x00007ff8ccf5e282:   20 02 00 00 84 c0 48 8b ce 0f 94 c2 e8 4d f0 ff
0x00007ff8ccf5e292:   ff 84 c0 0f 84 88 01 00 00 0f b6 75 6f 33 ff e9 


Stack slot to memory mapping:
stack at sp + 0 slots: 0x0 is NULL
stack at sp + 1 slots: 0x000000802e2ff909 points into unknown readable memory: f8 2f 2e 80 00 00 00
stack at sp + 2 slots: 0x0 is NULL
stack at sp + 3 slots: 0x0 is NULL
stack at sp + 4 slots: 0x0000019460d70bd0 points into unknown readable memory: 0x00007ff8cd6d0e18 | 18 0e 6d cd f8 7f 00 00
stack at sp + 5 slots: 0x0000019460d70fa8 points into unknown readable memory: 0x88000c0772e2b943 | 43 b9 e2 72 07 0c 00 88
stack at sp + 6 slots: 0x0 is NULL
stack at sp + 7 slots: 0x000001944b9ce026 is at entry_point+-666 in (nmethod*)0x000001944b9cd590


---------------  P R O C E S S  ---------------

Threads class SMR info:
_java_thread_list=0x0000019468310450, length=34, elements={
0x0000019460150380, 0x0000019460153110, 0x000001946018e130, 0x0000019460190c10,
0x00000194601938f0, 0x00000194601941b0, 0x0000019460194e50, 0x0000019460c08140,
0x0000019460c11210, 0x0000019460ced370, 0x0000019460e34370, 0x00000194613df0f0,
0x0000019460f878c0, 0x00000194613dd490, 0x00000194633110c0, 0x0000019463312400,
0x0000019466245bd0, 0x0000019468663720, 0x00000194686628b0, 0x0000019468660230,
0x00000194686640c0, 0x0000019468664f30, 0x000001946865fd60, 0x0000019468660bd0,
0x00000194686610a0, 0x0000019468665400, 0x0000019468666270, 0x0000019468666740,
0x0000019468666c10, 0x0000019468660700, 0x0000019468661570, 0x0000019466244890,
0x00000194662460a0, 0x0000019466246570
}

Java Threads: ( => current thread )
  0x0000019460150380 JavaThread "Reference Handler" daemon [_thread_blocked, id=5612, stack(0x000000802d200000,0x000000802d300000)]
  0x0000019460153110 JavaThread "Finalizer" daemon [_thread_blocked, id=5388, stack(0x000000802d300000,0x000000802d400000)]
  0x000001946018e130 JavaThread "Signal Dispatcher" daemon [_thread_blocked, id=8060, stack(0x000000802d400000,0x000000802d500000)]
  0x0000019460190c10 JavaThread "Attach Listener" daemon [_thread_blocked, id=8852, stack(0x000000802d500000,0x000000802d600000)]
  0x00000194601938f0 JavaThread "Service Thread" daemon [_thread_blocked, id=3304, stack(0x000000802d600000,0x000000802d700000)]
  0x00000194601941b0 JavaThread "Monitor Deflation Thread" daemon [_thread_blocked, id=7832, stack(0x000000802d700000,0x000000802d800000)]
  0x0000019460194e50 JavaThread "C2 CompilerThread0" daemon [_thread_blocked, id=11096, stack(0x000000802d800000,0x000000802d900000)]
  0x0000019460c08140 JavaThread "C1 CompilerThread0" daemon [_thread_blocked, id=3260, stack(0x000000802d900000,0x000000802da00000)]
  0x0000019460c11210 JavaThread "Sweeper thread" daemon [_thread_blocked, id=6208, stack(0x000000802da00000,0x000000802db00000)]
  0x0000019460ced370 JavaThread "Common-Cleaner" daemon [_thread_blocked, id=5976, stack(0x000000802db00000,0x000000802dc00000)]
  0x0000019460e34370 JavaThread "Notification Thread" daemon [_thread_blocked, id=2920, stack(0x000000802dc00000,0x000000802dd00000)]
  0x00000194613df0f0 JavaThread "RMI TCP Accept-0" daemon [_thread_in_native, id=12204, stack(0x000000802dd00000,0x000000802de00000)]
  0x0000019460f878c0 JavaThread "RMI TCP Accept-52491" daemon [_thread_in_native, id=4616, stack(0x000000802de00000,0x000000802df00000)]
  0x00000194613dd490 JavaThread "RMI TCP Accept-0" daemon [_thread_in_native, id=7332, stack(0x000000802df00000,0x000000802e000000)]
  0x00000194633110c0 JavaThread "mysql-cj-abandoned-connection-cleanup" daemon [_thread_blocked, id=2500, stack(0x000000802eb00000,0x000000802ec00000)]
  0x0000019463312400 JavaThread "Live Reload Server" daemon [_thread_in_native, id=1264, stack(0x000000802f100000,0x000000802f200000)]
  0x0000019466245bd0 JavaThread "DestroyJavaVM" [_thread_blocked, id=872, stack(0x000000802ca00000,0x000000802cb00000)]
  0x0000019468663720 JavaThread "Catalina-utility-1" [_thread_blocked, id=3136, stack(0x000000802e900000,0x000000802ea00000)]
  0x00000194686628b0 JavaThread "Catalina-utility-2" [_thread_blocked, id=12024, stack(0x000000802ea00000,0x000000802eb00000)]
  0x0000019468660230 JavaThread "container-0" [_thread_blocked, id=420, stack(0x000000802ec00000,0x000000802ed00000)]
  0x00000194686640c0 JavaThread "HikariPool-11 housekeeper" daemon [_thread_blocked, id=2680, stack(0x000000802ed00000,0x000000802ee00000)]
  0x0000019468664f30 JavaThread "File Watcher" daemon [_thread_blocked, id=8300, stack(0x000000802ef00000,0x000000802f000000)]
  0x000001946865fd60 JavaThread "http-nio-8080-exec-1" daemon [_thread_blocked, id=11692, stack(0x000000802f000000,0x000000802f100000)]
  0x0000019468660bd0 JavaThread "http-nio-8080-exec-2" daemon [_thread_blocked, id=5128, stack(0x000000802f200000,0x000000802f300000)]
  0x00000194686610a0 JavaThread "http-nio-8080-exec-3" daemon [_thread_blocked, id=11708, stack(0x000000802f300000,0x000000802f400000)]
  0x0000019468665400 JavaThread "http-nio-8080-exec-4" daemon [_thread_blocked, id=9648, stack(0x000000802f400000,0x000000802f500000)]
  0x0000019468666270 JavaThread "http-nio-8080-exec-5" daemon [_thread_blocked, id=2992, stack(0x000000802f500000,0x000000802f600000)]
  0x0000019468666740 JavaThread "http-nio-8080-exec-6" daemon [_thread_blocked, id=200, stack(0x000000802f600000,0x000000802f700000)]
  0x0000019468666c10 JavaThread "http-nio-8080-exec-7" daemon [_thread_blocked, id=7504, stack(0x000000802f700000,0x000000802f800000)]
  0x0000019468660700 JavaThread "http-nio-8080-exec-8" daemon [_thread_blocked, id=11916, stack(0x000000802f800000,0x000000802f900000)]
  0x0000019468661570 JavaThread "http-nio-8080-exec-9" daemon [_thread_blocked, id=1256, stack(0x000000802f900000,0x000000802fa00000)]
  0x0000019466244890 JavaThread "http-nio-8080-exec-10" daemon [_thread_blocked, id=6764, stack(0x000000802fa00000,0x000000802fb00000)]
  0x00000194662460a0 JavaThread "http-nio-8080-Poller" daemon [_thread_in_native, id=3692, stack(0x000000802fb00000,0x000000802fc00000)]
  0x0000019466246570 JavaThread "http-nio-8080-Acceptor" daemon [_thread_in_native, id=10904, stack(0x000000802fc00000,0x000000802fd00000)]

Other Threads:
  0x0000019460138400 VMThread "VM Thread" [stack: 0x000000802d100000,0x000000802d200000] [id=6760]
  0x00000194455e6940 WatcherThread [stack: 0x000000802e000000,0x000000802e100000] [id=1348]
  0x00000194455c5740 GCTaskThread "GC Thread#0" [stack: 0x000000802cc00000,0x000000802cd00000] [id=9192]
  0x00000194616646e0 GCTaskThread "GC Thread#1" [stack: 0x000000802e100000,0x000000802e200000] [id=7800]
=>0x0000019461678860 GCTaskThread "GC Thread#2" [stack: 0x000000802e200000,0x000000802e300000] [id=4944]
  0x0000019461606450 GCTaskThread "GC Thread#3" [stack: 0x000000802e300000,0x000000802e400000] [id=860]
  0x00000194455d7220 ConcurrentGCThread "G1 Main Marker" [stack: 0x000000802cd00000,0x000000802ce00000] [id=6812]
  0x00000194455d82e0 ConcurrentGCThread "G1 Conc#0" [stack: 0x000000802ce00000,0x000000802cf00000] [id=4568]
  0x000001944563df70 ConcurrentGCThread "G1 Refine#0" [stack: 0x000000802cf00000,0x000000802d000000] [id=4724]
  0x0000019460dff480 ConcurrentGCThread "G1 Refine#1" [stack: 0x000000802e400000,0x000000802e500000] [id=11552]
  0x000001944563e8a0 ConcurrentGCThread "G1 Service" [stack: 0x000000802d000000,0x000000802d100000] [id=9160]

Threads with active compile tasks:

VM state: at safepoint (normal execution)

VM Mutex/Monitor currently owned by a thread:  ([mutex/lock_event])
[0x000001944555b8a0] Threads_lock - owner thread: 0x0000019460138400
[0x000001944555c590] Heap_lock - owner thread: 0x00000194455d7220

Heap address: 0x0000000081c00000, size: 2020 MB, Compressed Oops mode: 32-bit

CDS archive(s) not mapped
Compressed class space mapped at: 0x0000000100000000-0x0000000140000000, reserved size: 1073741824
Narrow klass base: 0x0000000000000000, Narrow klass shift: 3, Narrow klass range: 0x140000000

GC Precious Log:
 CPUs: 4 total, 4 available
 Memory: 8076M
 Large Page Support: Disabled
 NUMA Support: Disabled
 Compressed Oops: Enabled (32-bit)
 Heap Region Size: 1M
 Heap Min Capacity: 8M
 Heap Initial Capacity: 128M
 Heap Max Capacity: 2020M
 Pre-touch: Disabled
 Parallel Workers: 4
 Concurrent Workers: 1
 Concurrent Refinement Workers: 4
 Periodic GC: Disabled

Heap:
 garbage-first heap   total 96256K, used 36098K [0x0000000081c00000, 0x0000000100000000)
  region size 1024K, 3 young (3072K), 2 survivors (2048K)
 Metaspace       used 82365K, committed 83200K, reserved 1122304K
  class space    used 9993K, committed 10432K, reserved 1048576K

Heap Regions: E=young(eden), S=young(survivor), O=old, HS=humongous(starts), HC=humongous(continues), CS=collection set, F=free, OA=open archive, CA=closed archive, TAMS=top-at-mark-start (previous, next)
|   0|0x0000000081c00000, 0x0000000081d00000, 0x0000000081d00000|100%|HS|  |TAMS 0x0000000081d00000, 0x0000000081d00000| Complete 
|   1|0x0000000081d00000, 0x0000000081e00000, 0x0000000081e00000|100%| O|  |TAMS 0x0000000081e00000, 0x0000000081e00000| Untracked 
|   2|0x0000000081e00000, 0x0000000081f00000, 0x0000000081f00000|100%| O|  |TAMS 0x0000000081f00000, 0x0000000081f00000| Untracked 
|   3|0x0000000081f00000, 0x0000000082000000, 0x0000000082000000|100%| O|  |TAMS 0x0000000082000000, 0x0000000082000000| Untracked 
|   4|0x0000000082000000, 0x00000000820ffff8, 0x0000000082100000| 99%| O|  |TAMS 0x00000000820ffff8, 0x00000000820ffff8| Untracked 
|   5|0x0000000082100000, 0x0000000082200000, 0x0000000082200000|100%| O|  |TAMS 0x0000000082200000, 0x0000000082200000| Untracked 
|   6|0x0000000082200000, 0x00000000822ffff0, 0x0000000082300000| 99%| O|  |TAMS 0x00000000822ffff0, 0x00000000822ffff0| Untracked 
|   7|0x0000000082300000, 0x00000000823ffff0, 0x0000000082400000| 99%| O|  |TAMS 0x00000000823ffff0, 0x00000000823ffff0| Untracked 
|   8|0x0000000082400000, 0x00000000824fffe8, 0x0000000082500000| 99%| O|  |TAMS 0x00000000824fffe8, 0x00000000824fffe8| Untracked 
|   9|0x0000000082500000, 0x00000000825fffb8, 0x0000000082600000| 99%| O|  |TAMS 0x00000000825fffb8, 0x00000000825fffb8| Untracked 
|  10|0x0000000082600000, 0x0000000082700000, 0x0000000082700000|100%| O|  |TAMS 0x0000000082700000, 0x0000000082700000| Untracked 
|  11|0x0000000082700000, 0x0000000082800000, 0x0000000082800000|100%| O|  |TAMS 0x0000000082800000, 0x0000000082800000| Untracked 
|  12|0x0000000082800000, 0x00000000828ffa68, 0x0000000082900000| 99%| O|  |TAMS 0x00000000828ffa68, 0x00000000828ffa68| Untracked 
|  13|0x0000000082900000, 0x0000000082a00000, 0x0000000082a00000|100%| O|  |TAMS 0x0000000082a00000, 0x0000000082a00000| Untracked 
|  14|0x0000000082a00000, 0x0000000082affff8, 0x0000000082b00000| 99%| O|  |TAMS 0x0000000082affff8, 0x0000000082affff8| Untracked 
|  15|0x0000000082b00000, 0x0000000082c00000, 0x0000000082c00000|100%| O|  |TAMS 0x0000000082c00000, 0x0000000082c00000| Untracked 
|  16|0x0000000082c00000, 0x0000000082cffff0, 0x0000000082d00000| 99%| O|  |TAMS 0x0000000082cffff0, 0x0000000082cffff0| Untracked 
|  17|0x0000000082d00000, 0x0000000082dfffe8, 0x0000000082e00000| 99%| O|  |TAMS 0x0000000082dfffe8, 0x0000000082dfffe8| Untracked 
|  18|0x0000000082e00000, 0x0000000082effff0, 0x0000000082f00000| 99%| O|  |TAMS 0x0000000082effff0, 0x0000000082effff0| Untracked 
|  19|0x0000000082f00000, 0x0000000082fffff8, 0x0000000083000000| 99%| O|  |TAMS 0x0000000082fffff8, 0x0000000082fffff8| Untracked 
|  20|0x0000000083000000, 0x00000000830fffe0, 0x0000000083100000| 99%| O|  |TAMS 0x00000000830fffe0, 0x00000000830fffe0| Untracked 
|  21|0x0000000083100000, 0x00000000831fffe0, 0x0000000083200000| 99%| O|  |TAMS 0x00000000831fffe0, 0x00000000831fffe0| Untracked 
|  22|0x0000000083200000, 0x00000000832ffd08, 0x0000000083300000| 99%| O|  |TAMS 0x00000000832ffd08, 0x00000000832ffd08| Untracked 
|  23|0x0000000083300000, 0x00000000833fffe8, 0x0000000083400000| 99%| O|  |TAMS 0x00000000833fffe8, 0x00000000833fffe8| Untracked 
|  24|0x0000000083400000, 0x00000000834ffff0, 0x0000000083500000| 99%| O|  |TAMS 0x00000000834ffff0, 0x00000000834ffff0| Untracked 
|  25|0x0000000083500000, 0x00000000835fffa0, 0x0000000083600000| 99%| O|  |TAMS 0x00000000835fffa0, 0x00000000835fffa0| Untracked 
|  26|0x0000000083600000, 0x00000000836c8be8, 0x0000000083700000| 78%| O|  |TAMS 0x00000000836c8be8, 0x00000000836c8be8| Untracked 
|  27|0x0000000083700000, 0x0000000083800000, 0x0000000083800000|100%| O|  |TAMS 0x0000000083800000, 0x0000000083800000| Untracked 
|  28|0x0000000083800000, 0x0000000083900000, 0x0000000083900000|100%| O|  |TAMS 0x0000000083900000, 0x0000000083900000| Untracked 
|  29|0x0000000083900000, 0x0000000083974170, 0x0000000083a00000| 45%| O|  |TAMS 0x0000000083974170, 0x0000000083974170| Untracked 
|  30|0x0000000083a00000, 0x0000000083b00000, 0x0000000083b00000|100%| O|  |TAMS 0x0000000083b00000, 0x0000000083b00000| Untracked 
|  31|0x0000000083b00000, 0x0000000083b241d8, 0x0000000083c00000| 14%| O|  |TAMS 0x0000000083b241d8, 0x0000000083b241d8| Untracked 
|  32|0x0000000083c00000, 0x0000000083d00000, 0x0000000083d00000|100%| O|  |TAMS 0x0000000083d00000, 0x0000000083d00000| Untracked 
|  33|0x0000000083d00000, 0x0000000083e00000, 0x0000000083e00000|100%| O|  |TAMS 0x0000000083e00000, 0x0000000083e00000| Untracked 
|  34|0x0000000083e00000, 0x0000000083f00000, 0x0000000083f00000|100%| O|  |TAMS 0x0000000083f00000, 0x0000000083f00000| Untracked 
|  35|0x0000000083f00000, 0x0000000083f7e200, 0x0000000084000000| 49%| O|  |TAMS 0x0000000083f73800, 0x0000000083f7e200| Untracked 
|  36|0x0000000084000000, 0x0000000084000000, 0x0000000084100000|  0%| F|  |TAMS 0x0000000084000000, 0x0000000084000000| Untracked 
|  37|0x0000000084100000, 0x0000000084100000, 0x0000000084200000|  0%| F|  |TAMS 0x0000000084100000, 0x0000000084100000| Untracked 
|  38|0x0000000084200000, 0x0000000084200000, 0x0000000084300000|  0%| F|  |TAMS 0x0000000084200000, 0x0000000084200000| Untracked 
|  39|0x0000000084300000, 0x0000000084300000, 0x0000000084400000|  0%| F|  |TAMS 0x0000000084300000, 0x0000000084300000| Untracked 
|  40|0x0000000084400000, 0x0000000084400000, 0x0000000084500000|  0%| F|  |TAMS 0x0000000084400000, 0x0000000084400000| Untracked 
|  41|0x0000000084500000, 0x0000000084500000, 0x0000000084600000|  0%| F|  |TAMS 0x0000000084500000, 0x0000000084500000| Untracked 
|  42|0x0000000084600000, 0x0000000084600000, 0x0000000084700000|  0%| F|  |TAMS 0x0000000084600000, 0x0000000084600000| Untracked 
|  43|0x0000000084700000, 0x0000000084700000, 0x0000000084800000|  0%| F|  |TAMS 0x0000000084700000, 0x0000000084700000| Untracked 
|  44|0x0000000084800000, 0x0000000084800000, 0x0000000084900000|  0%| F|  |TAMS 0x0000000084800000, 0x0000000084800000| Untracked 
|  45|0x0000000084900000, 0x0000000084900000, 0x0000000084a00000|  0%| F|  |TAMS 0x0000000084900000, 0x0000000084900000| Untracked 
|  46|0x0000000084a00000, 0x0000000084a622c8, 0x0000000084b00000| 38%| S|CS|TAMS 0x0000000084a00000, 0x0000000084a00000| Complete 
|  47|0x0000000084b00000, 0x0000000084c00000, 0x0000000084c00000|100%| S|CS|TAMS 0x0000000084b00000, 0x0000000084b00000| Complete 
|  48|0x0000000084c00000, 0x0000000084c00000, 0x0000000084d00000|  0%| F|  |TAMS 0x0000000084c00000, 0x0000000084c00000| Untracked 
|  49|0x0000000084d00000, 0x0000000084d00000, 0x0000000084e00000|  0%| F|  |TAMS 0x0000000084d00000, 0x0000000084d00000| Untracked 
|  50|0x0000000084e00000, 0x0000000084e00000, 0x0000000084f00000|  0%| F|  |TAMS 0x0000000084e00000, 0x0000000084e00000| Untracked 
|  51|0x0000000084f00000, 0x0000000084f00000, 0x0000000085000000|  0%| F|  |TAMS 0x0000000084f00000, 0x0000000084f00000| Untracked 
|  52|0x0000000085000000, 0x0000000085000000, 0x0000000085100000|  0%| F|  |TAMS 0x0000000085000000, 0x0000000085000000| Untracked 
|  53|0x0000000085100000, 0x0000000085100000, 0x0000000085200000|  0%| F|  |TAMS 0x0000000085100000, 0x0000000085100000| Untracked 
|  54|0x0000000085200000, 0x0000000085200000, 0x0000000085300000|  0%| F|  |TAMS 0x0000000085200000, 0x0000000085200000| Untracked 
|  55|0x0000000085300000, 0x0000000085300000, 0x0000000085400000|  0%| F|  |TAMS 0x0000000085300000, 0x0000000085300000| Untracked 
|  56|0x0000000085400000, 0x0000000085400000, 0x0000000085500000|  0%| F|  |TAMS 0x0000000085400000, 0x0000000085400000| Untracked 
|  57|0x0000000085500000, 0x0000000085500000, 0x0000000085600000|  0%| F|  |TAMS 0x0000000085500000, 0x0000000085500000| Untracked 
|  58|0x0000000085600000, 0x0000000085600000, 0x0000000085700000|  0%| F|  |TAMS 0x0000000085600000, 0x0000000085600000| Untracked 
|  59|0x0000000085700000, 0x0000000085700000, 0x0000000085800000|  0%| F|  |TAMS 0x0000000085700000, 0x0000000085700000| Untracked 
|  60|0x0000000085800000, 0x0000000085800000, 0x0000000085900000|  0%| F|  |TAMS 0x0000000085800000, 0x0000000085800000| Untracked 
|  61|0x0000000085900000, 0x0000000085900000, 0x0000000085a00000|  0%| F|  |TAMS 0x0000000085900000, 0x0000000085900000| Untracked 
|  62|0x0000000085a00000, 0x0000000085a00000, 0x0000000085b00000|  0%| F|  |TAMS 0x0000000085a00000, 0x0000000085a00000| Untracked 
|  63|0x0000000085b00000, 0x0000000085b00000, 0x0000000085c00000|  0%| F|  |TAMS 0x0000000085b00000, 0x0000000085b00000| Untracked 
|  64|0x0000000085c00000, 0x0000000085c00000, 0x0000000085d00000|  0%| F|  |TAMS 0x0000000085c00000, 0x0000000085c00000| Untracked 
|  65|0x0000000085d00000, 0x0000000085d00000, 0x0000000085e00000|  0%| F|  |TAMS 0x0000000085d00000, 0x0000000085d00000| Untracked 
|  66|0x0000000085e00000, 0x0000000085e00000, 0x0000000085f00000|  0%| F|  |TAMS 0x0000000085e00000, 0x0000000085e00000| Untracked 
|  67|0x0000000085f00000, 0x0000000085f00000, 0x0000000086000000|  0%| F|  |TAMS 0x0000000085f00000, 0x0000000085f00000| Untracked 
|  68|0x0000000086000000, 0x0000000086000000, 0x0000000086100000|  0%| F|  |TAMS 0x0000000086000000, 0x0000000086000000| Untracked 
|  69|0x0000000086100000, 0x0000000086100000, 0x0000000086200000|  0%| F|  |TAMS 0x0000000086100000, 0x0000000086100000| Untracked 
|  70|0x0000000086200000, 0x0000000086200000, 0x0000000086300000|  0%| F|  |TAMS 0x0000000086200000, 0x0000000086200000| Untracked 
|  71|0x0000000086300000, 0x0000000086300000, 0x0000000086400000|  0%| F|  |TAMS 0x0000000086300000, 0x0000000086300000| Untracked 
|  72|0x0000000086400000, 0x0000000086400000, 0x0000000086500000|  0%| F|  |TAMS 0x0000000086400000, 0x0000000086400000| Untracked 
|  73|0x0000000086500000, 0x0000000086500000, 0x0000000086600000|  0%| F|  |TAMS 0x0000000086500000, 0x0000000086500000| Untracked 
|  74|0x0000000086600000, 0x0000000086600000, 0x0000000086700000|  0%| F|  |TAMS 0x0000000086600000, 0x0000000086600000| Untracked 
|  75|0x0000000086700000, 0x0000000086700000, 0x0000000086800000|  0%| F|  |TAMS 0x0000000086700000, 0x0000000086700000| Untracked 
|  76|0x0000000086800000, 0x0000000086800000, 0x0000000086900000|  0%| F|  |TAMS 0x0000000086800000, 0x0000000086800000| Untracked 
|  77|0x0000000086900000, 0x0000000086900000, 0x0000000086a00000|  0%| F|  |TAMS 0x0000000086900000, 0x0000000086900000| Untracked 
|  78|0x0000000086a00000, 0x0000000086a00000, 0x0000000086b00000|  0%| F|  |TAMS 0x0000000086a00000, 0x0000000086a00000| Untracked 
|  79|0x0000000086b00000, 0x0000000086b00000, 0x0000000086c00000|  0%| F|  |TAMS 0x0000000086b00000, 0x0000000086b00000| Untracked 
|  80|0x0000000086c00000, 0x0000000086c00000, 0x0000000086d00000|  0%| F|  |TAMS 0x0000000086c00000, 0x0000000086c00000| Untracked 
|  81|0x0000000086d00000, 0x0000000086d00000, 0x0000000086e00000|  0%| F|  |TAMS 0x0000000086d00000, 0x0000000086d00000| Untracked 
|  82|0x0000000086e00000, 0x0000000086e00000, 0x0000000086f00000|  0%| F|  |TAMS 0x0000000086e00000, 0x0000000086e00000| Untracked 
|  83|0x0000000086f00000, 0x0000000086f00000, 0x0000000087000000|  0%| F|  |TAMS 0x0000000086f00000, 0x0000000086f00000| Untracked 
|  84|0x0000000087000000, 0x0000000087000000, 0x0000000087100000|  0%| F|  |TAMS 0x0000000087000000, 0x0000000087000000| Untracked 
|  85|0x0000000087100000, 0x0000000087100000, 0x0000000087200000|  0%| F|  |TAMS 0x0000000087100000, 0x0000000087100000| Untracked 
|  86|0x0000000087200000, 0x0000000087200000, 0x0000000087300000|  0%| F|  |TAMS 0x0000000087200000, 0x0000000087200000| Untracked 
|  87|0x0000000087300000, 0x0000000087300000, 0x0000000087400000|  0%| F|  |TAMS 0x0000000087300000, 0x0000000087300000| Untracked 
|  88|0x0000000087400000, 0x0000000087400000, 0x0000000087500000|  0%| F|  |TAMS 0x0000000087400000, 0x0000000087400000| Untracked 
|  89|0x0000000087500000, 0x0000000087500000, 0x0000000087600000|  0%| F|  |TAMS 0x0000000087500000, 0x0000000087500000| Untracked 
|  90|0x0000000087600000, 0x0000000087600000, 0x0000000087700000|  0%| F|  |TAMS 0x0000000087600000, 0x0000000087600000| Untracked 
|  91|0x0000000087700000, 0x0000000087700000, 0x0000000087800000|  0%| F|  |TAMS 0x0000000087700000, 0x0000000087700000| Untracked 
|  92|0x0000000087800000, 0x0000000087800000, 0x0000000087900000|  0%| F|  |TAMS 0x0000000087800000, 0x0000000087800000| Untracked 
|  93|0x0000000087900000, 0x0000000087a00000, 0x0000000087a00000|100%| E|  |TAMS 0x0000000087900000, 0x0000000087900000| Complete 

Card table byte_map: [0x00000194593f0000,0x00000194597f0000] _byte_map_base: 0x0000019458fe2000

Marking Bits (Prev, Next): (CMBitMap*) 0x00000194455c6cb0, (CMBitMap*) 0x00000194455c6c70
 Prev Bits: [0x000001945bb80000, 0x000001945db10000)
 Next Bits: [0x0000019459bf0000, 0x000001945bb80000)

Polling page: 0x0000019445640000

Metaspace:

Usage:
  Non-class:     70.68 MB used.
      Class:      9.76 MB used.
       Both:     80.44 MB used.

Virtual space:
  Non-class space:       72.00 MB reserved,      71.06 MB ( 99%) committed,  9 nodes.
      Class space:        1.00 GB reserved,      10.19 MB ( <1%) committed,  1 nodes.
             Both:        1.07 GB reserved,      81.25 MB (  7%) committed. 

Chunk freelists:
   Non-Class:  14.00 KB
       Class:  1.84 MB
        Both:  1.86 MB

MaxMetaspaceSize: unlimited
CompressedClassSpaceSize: 1.00 GB
Initial GC threshold: 21.00 MB
Current GC threshold: 135.00 MB
CDS: off
MetaspaceReclaimPolicy: balanced
 - commit_granule_bytes: 65536.
 - commit_granule_words: 8192.
 - virtual_space_node_default_size: 1048576.
 - enlarge_chunks_in_place: 1.
 - new_chunks_are_fully_committed: 0.
 - uncommit_free_chunks: 1.
 - use_allocation_guard: 0.
 - handle_deallocations: 1.


Internal statistics:

num_allocs_failed_limit: 12.
num_arena_births: 1136.
num_arena_deaths: 18.
num_vsnodes_births: 10.
num_vsnodes_deaths: 0.
num_space_committed: 1300.
num_space_uncommitted: 0.
num_chunks_returned_to_freelist: 32.
num_chunks_taken_from_freelist: 4278.
num_chunk_merges: 12.
num_chunk_splits: 2723.
num_chunks_enlarged: 1787.
num_purges: 28.
num_inconsistent_stats: 0.

CodeHeap 'non-profiled nmethods': size=120000Kb used=11418Kb max_used=11418Kb free=108581Kb
 bounds [0x0000019451490000, 0x0000019451fc0000, 0x00000194589c0000]
CodeHeap 'profiled nmethods': size=120000Kb used=27146Kb max_used=27146Kb free=92853Kb
 bounds [0x0000019449f60000, 0x000001944b9f0000, 0x0000019451490000]
CodeHeap 'non-nmethods': size=5760Kb used=1342Kb max_used=1446Kb free=4417Kb
 bounds [0x00000194499c0000, 0x0000019449c30000, 0x0000019449f60000]
 total_blobs=13959 nmethods=13291 adapters=578
 compilation: enabled
              stopped_count=0, restarted_count=0
 full_count=0

Compilation events (20 events):
Event: 1671.984 Thread 0x0000019460c08140 15804       1       org.hibernate.LockOptions::getScope (5 bytes)
Event: 1671.984 Thread 0x0000019460c08140 nmethod 15804 0x0000019451fb5790 code [0x0000019451fb5920, 0x0000019451fb59f8]
Event: 1671.984 Thread 0x0000019460c08140 15805       1       org.hibernate.loader.GeneratedCollectionAliases::getSuffixedElementAliases (5 bytes)
Event: 1671.985 Thread 0x0000019460c08140 nmethod 15805 0x0000019451fb5a90 code [0x0000019451fb5c20, 0x0000019451fb5cf8]
Event: 1671.985 Thread 0x0000019460c08140 15806       1       org.hibernate.collection.internal.AbstractPersistentCollection::getSession (5 bytes)
Event: 1671.985 Thread 0x0000019460c08140 nmethod 15806 0x0000019451fb5d90 code [0x0000019451fb5f20, 0x0000019451fb5ff8]
Event: 1671.987 Thread 0x0000019460194e50 15807       4       java.util.EnumMap::get (29 bytes)
Event: 1671.987 Thread 0x0000019460c08140 15808       3       org.thymeleaf.engine.ElementNames$ElementNamesRepository::binarySearch (287 bytes)
Event: 1671.988 Thread 0x0000019460194e50 nmethod 15807 0x0000019451fb6090 code [0x0000019451fb6220, 0x0000019451fb6358]
Event: 1671.988 Thread 0x0000019460194e50 15809       4       org.thymeleaf.standard.expression.StandardExpressions::getVariableExpressionEvaluator (76 bytes)
Event: 1671.989 Thread 0x0000019460c08140 nmethod 15808 0x000001944b9dd390 code [0x000001944b9dd7c0, 0x000001944b9df568]
Event: 1671.989 Thread 0x0000019460c08140 15810       3       java.util.concurrent.ConcurrentLinkedQueue::add (6 bytes)
Event: 1671.989 Thread 0x0000019460c08140 nmethod 15810 0x000001944b9e0190 code [0x000001944b9e0320, 0x000001944b9e04e8]
Event: 1671.990 Thread 0x0000019460194e50 nmethod 15809 0x0000019451fb6510 code [0x0000019451fb66a0, 0x0000019451fb67b8]
Event: 1672.005 Thread 0x0000019460c08140 15811       3       org.springframework.security.web.csrf.DefaultCsrfToken::<init> (38 bytes)
Event: 1672.006 Thread 0x0000019460c08140 nmethod 15811 0x000001944b9e0590 code [0x000001944b9e0800, 0x000001944b9e13e8]
Event: 1672.006 Thread 0x0000019460c08140 15812       3       org.springframework.security.web.csrf.LazyCsrfTokenRepository::wrap (21 bytes)
Event: 1672.007 Thread 0x0000019460c08140 nmethod 15812 0x000001944b9e1790 code [0x000001944b9e19e0, 0x000001944b9e2408]
Event: 1672.018 Thread 0x0000019460c08140 15813       3       org.springframework.security.web.csrf.LazyCsrfTokenRepository::generateToken (16 bytes)
Event: 1672.018 Thread 0x0000019460c08140 nmethod 15813 0x000001944b9e2710 code [0x000001944b9e28c0, 0x000001944b9e2ad8]

GC Heap History (20 events):
Event: 1474.025 GC heap before
{Heap before GC invocations=231 (full 10):
 garbage-first heap   total 96256K, used 79037K [0x0000000081c00000, 0x0000000100000000)
  region size 1024K, 44 young (45056K), 2 survivors (2048K)
 Metaspace       used 81856K, committed 82624K, reserved 1122304K
  class space    used 9949K, committed 10368K, reserved 1048576K
}
Event: 1474.027 GC heap after
{Heap after GC invocations=232 (full 10):
 garbage-first heap   total 96256K, used 35723K [0x0000000081c00000, 0x0000000100000000)
  region size 1024K, 2 young (2048K), 2 survivors (2048K)
 Metaspace       used 81856K, committed 82624K, reserved 1122304K
  class space    used 9949K, committed 10368K, reserved 1048576K
}
Event: 1495.869 GC heap before
{Heap before GC invocations=232 (full 10):
 garbage-first heap   total 96256K, used 78731K [0x0000000081c00000, 0x0000000100000000)
  region size 1024K, 44 young (45056K), 2 survivors (2048K)
 Metaspace       used 81858K, committed 82688K, reserved 1122304K
  class space    used 9949K, committed 10368K, reserved 1048576K
}
Event: 1495.872 GC heap after
{Heap after GC invocations=233 (full 10):
 garbage-first heap   total 96256K, used 35815K [0x0000000081c00000, 0x0000000100000000)
  region size 1024K, 2 young (2048K), 2 survivors (2048K)
 Metaspace       used 81858K, committed 82688K, reserved 1122304K
  class space    used 9949K, committed 10368K, reserved 1048576K
}
Event: 1519.406 GC heap before
{Heap before GC invocations=234 (full 10):
 garbage-first heap   total 96256K, used 78823K [0x0000000081c00000, 0x0000000100000000)
  region size 1024K, 44 young (45056K), 2 survivors (2048K)
 Metaspace       used 81862K, committed 82688K, reserved 1122304K
  class space    used 9949K, committed 10368K, reserved 1048576K
}
Event: 1519.414 GC heap after
{Heap after GC invocations=235 (full 10):
 garbage-first heap   total 96256K, used 36191K [0x0000000081c00000, 0x0000000100000000)
  region size 1024K, 2 young (2048K), 2 survivors (2048K)
 Metaspace       used 81862K, committed 82688K, reserved 1122304K
  class space    used 9949K, committed 10368K, reserved 1048576K
}
Event: 1542.557 GC heap before
{Heap before GC invocations=235 (full 10):
 garbage-first heap   total 96256K, used 79199K [0x0000000081c00000, 0x0000000100000000)
  region size 1024K, 45 young (46080K), 2 survivors (2048K)
 Metaspace       used 82106K, committed 82944K, reserved 1122304K
  class space    used 9983K, committed 10432K, reserved 1048576K
}
Event: 1542.565 GC heap after
{Heap after GC invocations=236 (full 10):
 garbage-first heap   total 96256K, used 36409K [0x0000000081c00000, 0x0000000100000000)
  region size 1024K, 2 young (2048K), 2 survivors (2048K)
 Metaspace       used 82106K, committed 82944K, reserved 1122304K
  class space    used 9983K, committed 10432K, reserved 1048576K
}
Event: 1566.355 GC heap before
{Heap before GC invocations=237 (full 10):
 garbage-first heap   total 96256K, used 79417K [0x0000000081c00000, 0x0000000100000000)
  region size 1024K, 45 young (46080K), 2 survivors (2048K)
 Metaspace       used 82142K, committed 83008K, reserved 1122304K
  class space    used 9983K, committed 10432K, reserved 1048576K
}
Event: 1566.363 GC heap after
{Heap after GC invocations=238 (full 10):
 garbage-first heap   total 96256K, used 35888K [0x0000000081c00000, 0x0000000100000000)
  region size 1024K, 2 young (2048K), 2 survivors (2048K)
 Metaspace       used 82142K, committed 83008K, reserved 1122304K
  class space    used 9983K, committed 10432K, reserved 1048576K
}
Event: 1591.222 GC heap before
{Heap before GC invocations=238 (full 10):
 garbage-first heap   total 96256K, used 79920K [0x0000000081c00000, 0x0000000100000000)
  region size 1024K, 45 young (46080K), 2 survivors (2048K)
 Metaspace       used 82142K, committed 83008K, reserved 1122304K
  class space    used 9983K, committed 10432K, reserved 1048576K
}
Event: 1591.231 GC heap after
{Heap after GC invocations=239 (full 10):
 garbage-first heap   total 96256K, used 36331K [0x0000000081c00000, 0x0000000100000000)
  region size 1024K, 2 young (2048K), 2 survivors (2048K)
 Metaspace       used 82142K, committed 83008K, reserved 1122304K
  class space    used 9983K, committed 10432K, reserved 1048576K
}
Event: 1616.054 GC heap before
{Heap before GC invocations=240 (full 10):
 garbage-first heap   total 96256K, used 80363K [0x0000000081c00000, 0x0000000100000000)
  region size 1024K, 45 young (46080K), 2 survivors (2048K)
 Metaspace       used 82166K, committed 83008K, reserved 1122304K
  class space    used 9986K, committed 10432K, reserved 1048576K
}
Event: 1616.058 GC heap after
{Heap after GC invocations=241 (full 10):
 garbage-first heap   total 96256K, used 35880K [0x0000000081c00000, 0x0000000100000000)
  region size 1024K, 2 young (2048K), 2 survivors (2048K)
 Metaspace       used 82166K, committed 83008K, reserved 1122304K
  class space    used 9986K, committed 10432K, reserved 1048576K
}
Event: 1640.707 GC heap before
{Heap before GC invocations=241 (full 10):
 garbage-first heap   total 96256K, used 80936K [0x0000000081c00000, 0x0000000100000000)
  region size 1024K, 46 young (47104K), 2 survivors (2048K)
 Metaspace       used 82197K, committed 83072K, reserved 1122304K
  class space    used 9986K, committed 10432K, reserved 1048576K
}
Event: 1640.715 GC heap after
{Heap after GC invocations=242 (full 10):
 garbage-first heap   total 96256K, used 36306K [0x0000000081c00000, 0x0000000100000000)
  region size 1024K, 2 young (2048K), 2 survivors (2048K)
 Metaspace       used 82197K, committed 83072K, reserved 1122304K
  class space    used 9986K, committed 10432K, reserved 1048576K
}
Event: 1661.215 GC heap before
{Heap before GC invocations=243 (full 10):
 garbage-first heap   total 96256K, used 81362K [0x0000000081c00000, 0x0000000100000000)
  region size 1024K, 46 young (47104K), 2 survivors (2048K)
 Metaspace       used 82335K, committed 83200K, reserved 1122304K
  class space    used 9992K, committed 10432K, reserved 1048576K
}
Event: 1661.220 GC heap after
{Heap after GC invocations=244 (full 10):
 garbage-first heap   total 96256K, used 36518K [0x0000000081c00000, 0x0000000100000000)
  region size 1024K, 2 young (2048K), 2 survivors (2048K)
 Metaspace       used 82335K, committed 83200K, reserved 1122304K
  class space    used 9992K, committed 10432K, reserved 1048576K
}
Event: 1685.546 GC heap before
{Heap before GC invocations=244 (full 10):
 garbage-first heap   total 96256K, used 81574K [0x0000000081c00000, 0x0000000100000000)
  region size 1024K, 46 young (47104K), 2 survivors (2048K)
 Metaspace       used 82365K, committed 83200K, reserved 1122304K
  class space    used 9993K, committed 10432K, reserved 1048576K
}
Event: 1685.548 GC heap after
{Heap after GC invocations=245 (full 10):
 garbage-first heap   total 96256K, used 36098K [0x0000000081c00000, 0x0000000100000000)
  region size 1024K, 2 young (2048K), 2 survivors (2048K)
 Metaspace       used 82365K, committed 83200K, reserved 1122304K
  class space    used 9993K, committed 10432K, reserved 1048576K
}

Deoptimization events (20 events):
Event: 1534.830 Thread 0x0000019468663720 Uncommon trap: trap_request=0xffffffbe fr.pc=0x0000019451f6f0fc relative=0x000000000000025c
Event: 1534.830 Thread 0x0000019468663720 Uncommon trap: reason=profile_predicate action=maybe_recompile pc=0x0000019451f6f0fc method=java.util.HashMap.valuesToArray([Ljava/lang/Object;)[Ljava/lang/Object; @ 36 c2
Event: 1534.830 Thread 0x0000019468663720 DEOPT PACKING pc=0x0000019451f6f0fc sp=0x000000802e9fefc0
Event: 1534.830 Thread 0x0000019468663720 DEOPT UNPACKING pc=0x0000019449a123a3 sp=0x000000802e9fef60 mode 2
Event: 1534.830 Thread 0x0000019468663720 Uncommon trap: trap_request=0xffffffbe fr.pc=0x0000019451f6f0fc relative=0x000000000000025c
Event: 1534.830 Thread 0x0000019468663720 Uncommon trap: reason=profile_predicate action=maybe_recompile pc=0x0000019451f6f0fc method=java.util.HashMap.valuesToArray([Ljava/lang/Object;)[Ljava/lang/Object; @ 36 c2
Event: 1534.830 Thread 0x0000019468663720 DEOPT PACKING pc=0x0000019451f6f0fc sp=0x000000802e9fef00
Event: 1534.830 Thread 0x0000019468663720 DEOPT UNPACKING pc=0x0000019449a123a3 sp=0x000000802e9feea0 mode 2
Event: 1544.832 Thread 0x0000019468663720 Uncommon trap: trap_request=0xffffffbe fr.pc=0x0000019451f6f0fc relative=0x000000000000025c
Event: 1544.832 Thread 0x0000019468663720 Uncommon trap: reason=profile_predicate action=maybe_recompile pc=0x0000019451f6f0fc method=java.util.HashMap.valuesToArray([Ljava/lang/Object;)[Ljava/lang/Object; @ 36 c2
Event: 1544.832 Thread 0x0000019468663720 DEOPT PACKING pc=0x0000019451f6f0fc sp=0x000000802e9ff080
Event: 1544.832 Thread 0x0000019468663720 DEOPT UNPACKING pc=0x0000019449a123a3 sp=0x000000802e9ff020 mode 2
Event: 1546.835 Thread 0x0000019466244890 Uncommon trap: trap_request=0xffffff45 fr.pc=0x0000019451f717cc relative=0x000000000000012c
Event: 1546.835 Thread 0x0000019466244890 Uncommon trap: reason=unstable_if action=reinterpret pc=0x0000019451f717cc method=org.springframework.web.util.HtmlCharacterEntityReferences.convertToReference(CLjava/lang/String;)Ljava/lang/String; @ 126 c2
Event: 1546.835 Thread 0x0000019466244890 DEOPT PACKING pc=0x0000019451f717cc sp=0x000000802fafc130
Event: 1546.835 Thread 0x0000019466244890 DEOPT UNPACKING pc=0x0000019449a123a3 sp=0x000000802fafc0a8 mode 2
Event: 1660.320 Thread 0x0000019468660bd0 Uncommon trap: trap_request=0xffffffde fr.pc=0x0000019451ef8f58 relative=0x0000000000001678
Event: 1660.320 Thread 0x0000019468660bd0 Uncommon trap: reason=class_check action=maybe_recompile pc=0x0000019451ef8f58 method=java.util.concurrent.locks.AbstractQueuedSynchronizer.acquire(Ljava/util/concurrent/locks/AbstractQueuedSynchronizer$Node;IZZZJ)I @ 108 c2
Event: 1660.320 Thread 0x0000019468660bd0 DEOPT PACKING pc=0x0000019451ef8f58 sp=0x000000802f2fbda0
Event: 1660.320 Thread 0x0000019468660bd0 DEOPT UNPACKING pc=0x0000019449a123a3 sp=0x000000802f2fbd38 mode 2

Classes unloaded (9 events):
Event: 487.859 Thread 0x0000019460138400 Unloading class 0x0000000100992c00 'org/apache/catalina/loader/JdbcLeakPrevention'
Event: 1161.253 Thread 0x0000019460138400 Unloading class 0x00000001009a9c00 'org/apache/catalina/loader/JdbcLeakPrevention'
Event: 1177.448 Thread 0x0000019460138400 Unloading class 0x00000001009a9c00 'org/apache/catalina/loader/JdbcLeakPrevention'
Event: 1200.664 Thread 0x0000019460138400 Unloading class 0x00000001009cc800 'org/apache/catalina/loader/JdbcLeakPrevention'
Event: 1222.434 Thread 0x0000019460138400 Unloading class 0x00000001009db800 'org/apache/catalina/loader/JdbcLeakPrevention'
Event: 1245.347 Thread 0x0000019460138400 Unloading class 0x00000001009db800 'org/apache/catalina/loader/JdbcLeakPrevention'
Event: 1248.912 Thread 0x0000019460138400 Unloading class 0x00000001009f2c00 'org/apache/catalina/loader/JdbcLeakPrevention'
Event: 1254.132 Thread 0x0000019460138400 Unloading class 0x0000000100a00000 'org/apache/catalina/loader/JdbcLeakPrevention'
Event: 1283.294 Thread 0x0000019460138400 Unloading class 0x0000000100a0c000 'org/apache/catalina/loader/JdbcLeakPrevention'

Classes redefined (0 events):
No events

Internal exceptions (20 events):
Event: 1255.047 Thread 0x0000019468661a40 Exception <a 'java/lang/ClassNotFoundException'{0x00000000879dbba8}: com/mywebsite/webbanhang/login_register/model/UserCustomizer> (0x00000000879dbba8) 
thrown [e:\jenkins\tmp\workspace\build\src\src\hotspot\share\classfile\systemDictionary.cpp, line 256]
Event: 1255.049 Thread 0x0000019468661a40 Exception <a 'java/lang/ClassNotFoundException'{0x0000000087820d60}: java/lang/ObjectCustomizer> (0x0000000087820d60) 
thrown [e:\jenkins\tmp\workspace\build\src\src\hotspot\share\classfile\systemDictionary.cpp, line 256]
Event: 1255.050 Thread 0x0000019468661a40 Exception <a 'java/lang/ClassNotFoundException'{0x0000000087829f58}: com/mywebsite/webbanhang/login_register/model/RoleCustomizer> (0x0000000087829f58) 
thrown [e:\jenkins\tmp\workspace\build\src\src\hotspot\share\classfile\systemDictionary.cpp, line 256]
Event: 1255.062 Thread 0x0000019468661a40 Exception <a 'java/lang/reflect/InvocationTargetException'{0x00000000874b5590}> (0x00000000874b5590) 
thrown [e:\jenkins\tmp\workspace\build\src\src\hotspot\share\runtime\reflection.cpp, line 1121]
Event: 1255.096 Thread 0x0000019468661a40 Exception <a 'java/lang/ClassNotFoundException'{0x0000000086fc7b20}: java/lang/ObjectCustomizer> (0x0000000086fc7b20) 
thrown [e:\jenkins\tmp\workspace\build\src\src\hotspot\share\classfile\systemDictionary.cpp, line 256]
Event: 1255.097 Thread 0x0000019468661a40 Exception <a 'java/lang/ClassNotFoundException'{0x0000000086fd0c78}: com/mywebsite/webbanhang/admin/category/CategoryCustomizer> (0x0000000086fd0c78) 
thrown [e:\jenkins\tmp\workspace\build\src\src\hotspot\share\classfile\systemDictionary.cpp, line 256]
Event: 1255.118 Thread 0x0000019468661a40 Exception <a 'java/lang/ClassNotFoundException'{0x0000000086bda368}: java/lang/ObjectCustomizer> (0x0000000086bda368) 
thrown [e:\jenkins\tmp\workspace\build\src\src\hotspot\share\classfile\systemDictionary.cpp, line 256]
Event: 1255.119 Thread 0x0000019468661a40 Exception <a 'java/lang/ClassNotFoundException'{0x0000000086be3280}: com/mywebsite/webbanhang/admin/item/ItemCustomizer> (0x0000000086be3280) 
thrown [e:\jenkins\tmp\workspace\build\src\src\hotspot\share\classfile\systemDictionary.cpp, line 256]
Event: 1292.200 Thread 0x0000019468660700 Exception <a 'java/lang/ClassNotFoundException'{0x000000008666fe60}: java/lang/ObjectCustomizer> (0x000000008666fe60) 
thrown [e:\jenkins\tmp\workspace\build\src\src\hotspot\share\classfile\systemDictionary.cpp, line 256]
Event: 1292.201 Thread 0x0000019468660700 Exception <a 'java/lang/ClassNotFoundException'{0x000000008667d5b8}: com/mywebsite/webbanhang/login_register/model/UserCustomizer> (0x000000008667d5b8) 
thrown [e:\jenkins\tmp\workspace\build\src\src\hotspot\share\classfile\systemDictionary.cpp, line 256]
Event: 1375.395 Thread 0x0000019468660bd0 Implicit null exception at 0x0000019451b8e710 to 0x0000019451b90ac4
Event: 1493.597 Thread 0x0000019468660bd0 Exception <a 'java/lang/ClassNotFoundException'{0x00000000853a80e8}: java/lang/ObjectCustomizer> (0x00000000853a80e8) 
thrown [e:\jenkins\tmp\workspace\build\src\src\hotspot\share\classfile\systemDictionary.cpp, line 256]
Event: 1493.598 Thread 0x0000019468660bd0 Exception <a 'java/lang/ClassNotFoundException'{0x00000000853b6588}: com/mywebsite/webbanhang/login_register/web/dto/UserRegistrationDtoCustomizer> (0x00000000853b6588) 
thrown [e:\jenkins\tmp\workspace\build\src\src\hotspot\share\classfile\systemDictionary.cpp, line 256]
Event: 1530.341 Thread 0x0000019468665400 Exception <a 'java/lang/reflect/InvocationTargetException'{0x0000000086795900}> (0x0000000086795900) 
thrown [e:\jenkins\tmp\workspace\build\src\src\hotspot\share\runtime\reflection.cpp, line 1121]
Event: 1530.341 Thread 0x0000019468665400 Exception <a 'java/lang/reflect/InvocationTargetException'{0x0000000086796908}> (0x0000000086796908) 
thrown [e:\jenkins\tmp\workspace\build\src\src\hotspot\share\runtime\reflection.cpp, line 1121]
Event: 1530.345 Thread 0x0000019468665400 Exception <a 'java/lang/reflect/InvocationTargetException'{0x00000000867b1e38}> (0x00000000867b1e38) 
thrown [e:\jenkins\tmp\workspace\build\src\src\hotspot\share\runtime\reflection.cpp, line 1121]
Event: 1530.352 Thread 0x0000019468665400 Exception <a 'java/lang/NoClassDefFoundError'{0x00000000867eb200}: sun/reflect/Reflection> (0x00000000867eb200) 
thrown [e:\jenkins\tmp\workspace\build\src\src\hotspot\share\classfile\systemDictionary.cpp, line 245]
Event: 1546.782 Thread 0x0000019466244890 Exception <a 'java/lang/reflect/InvocationTargetException'{0x000000008728e568}> (0x000000008728e568) 
thrown [e:\jenkins\tmp\workspace\build\src\src\hotspot\share\runtime\reflection.cpp, line 1121]
Event: 1546.782 Thread 0x0000019466244890 Exception <a 'java/lang/reflect/InvocationTargetException'{0x000000008728f548}> (0x000000008728f548) 
thrown [e:\jenkins\tmp\workspace\build\src\src\hotspot\share\runtime\reflection.cpp, line 1121]
Event: 1546.785 Thread 0x0000019466244890 Exception <a 'java/lang/reflect/InvocationTargetException'{0x0000000087292588}> (0x0000000087292588) 
thrown [e:\jenkins\tmp\workspace\build\src\src\hotspot\share\runtime\reflection.cpp, line 1121]

VM Operations (20 events):
Event: 1640.807 Executing VM operation: G1Concurrent done
Event: 1640.830 Executing VM operation: G1Concurrent
Event: 1640.830 Executing VM operation: G1Concurrent done
Event: 1648.887 Executing VM operation: Cleanup
Event: 1648.887 Executing VM operation: Cleanup done
Event: 1659.997 Executing VM operation: Cleanup
Event: 1659.997 Executing VM operation: Cleanup done
Event: 1661.008 Executing VM operation: Cleanup
Event: 1661.008 Executing VM operation: Cleanup done
Event: 1661.215 Executing VM operation: G1CollectForAllocation
Event: 1661.220 Executing VM operation: G1CollectForAllocation done
Event: 1670.272 Executing VM operation: Cleanup
Event: 1670.272 Executing VM operation: Cleanup done
Event: 1671.278 Executing VM operation: Cleanup
Event: 1671.278 Executing VM operation: Cleanup done
Event: 1672.281 Executing VM operation: Cleanup
Event: 1672.281 Executing VM operation: Cleanup done
Event: 1685.546 Executing VM operation: G1CollectForAllocation
Event: 1685.548 Executing VM operation: G1CollectForAllocation done
Event: 1685.646 Executing VM operation: G1Concurrent

Events (20 events):
Event: 1530.337 loading class java/util/concurrent/atomic/AtomicReferenceFieldUpdater$AtomicReferenceFieldUpdaterImpl$1
Event: 1530.337 loading class java/util/concurrent/atomic/AtomicReferenceFieldUpdater$AtomicReferenceFieldUpdaterImpl$1 done
Event: 1530.352 loading class sun/reflect/Reflection
Event: 1530.352 loading class sun/reflect/Reflection done
Event: 1530.354 loading class jdk/internal/loader/BootLoader$PackageHelper
Event: 1530.354 loading class jdk/internal/loader/BootLoader$PackageHelper done
Event: 1530.355 loading class java/security/AllPermissionCollection
Event: 1530.355 loading class java/security/AllPermissionCollection done
Event: 1530.357 loading class jdk/internal/reflect/GeneratedMethodAccessor211
Event: 1530.357 loading class jdk/internal/reflect/GeneratedMethodAccessor211 done
Event: 1530.358 loading class jdk/internal/reflect/GeneratedMethodAccessor211
Event: 1530.358 loading class jdk/internal/reflect/GeneratedMethodAccessor211 done
Event: 1530.391 loading class java/lang/Throwable$WrappedPrintWriter
Event: 1530.391 loading class java/lang/Throwable$PrintStreamOrWriter
Event: 1530.391 loading class java/lang/Throwable$PrintStreamOrWriter done
Event: 1530.391 loading class java/lang/Throwable$WrappedPrintWriter done
Event: 1546.787 loading class jdk/internal/reflect/GeneratedMethodAccessor211
Event: 1546.787 loading class jdk/internal/reflect/GeneratedMethodAccessor211 done
Event: 1546.788 loading class jdk/internal/reflect/GeneratedMethodAccessor211
Event: 1546.788 loading class jdk/internal/reflect/GeneratedMethodAccessor211 done


Dynamic libraries:
0x00007ff758610000 - 0x00007ff75861e000 	C:\Users\Voke\.vscode\extensions\redhat.java-1.8.0-win32-x64\jre\17.0.3-win32-x86_64\bin\java.exe
0x00007ff91eb50000 - 0x00007ff91ed45000 	C:\Windows\SYSTEM32\ntdll.dll
0x00007ff91d640000 - 0x00007ff91d6fe000 	C:\Windows\System32\KERNEL32.DLL
0x00007ff91c3f0000 - 0x00007ff91c6b9000 	C:\Windows\System32\KERNELBASE.dll
0x00007ff91c2f0000 - 0x00007ff91c3f0000 	C:\Windows\System32\ucrtbase.dll
0x00007ff8fb740000 - 0x00007ff8fb758000 	C:\Users\Voke\.vscode\extensions\redhat.java-1.8.0-win32-x64\jre\17.0.3-win32-x86_64\bin\jli.dll
0x00007ff91db70000 - 0x00007ff91dd11000 	C:\Windows\System32\USER32.dll
0x00007ff91c270000 - 0x00007ff91c292000 	C:\Windows\System32\win32u.dll
0x00007ff91db40000 - 0x00007ff91db6b000 	C:\Windows\System32\GDI32.dll
0x00007ff91c770000 - 0x00007ff91c87b000 	C:\Windows\System32\gdi32full.dll
0x00007ff91cb00000 - 0x00007ff91cb9d000 	C:\Windows\System32\msvcp_win.dll
0x00007ff8cf620000 - 0x00007ff8cf639000 	C:\Users\Voke\.vscode\extensions\redhat.java-1.8.0-win32-x64\jre\17.0.3-win32-x86_64\bin\VCRUNTIME140.dll
0x00007ff90ea10000 - 0x00007ff90ecaa000 	C:\Windows\WinSxS\amd64_microsoft.windows.common-controls_6595b64144ccf1df_6.0.19041.1110_none_60b5254171f9507e\COMCTL32.dll
0x00007ff91d840000 - 0x00007ff91d8de000 	C:\Windows\System32\msvcrt.dll
0x00007ff91d700000 - 0x00007ff91d730000 	C:\Windows\System32\IMM32.DLL
0x00007ff8f94c0000 - 0x00007ff8f94cc000 	C:\Users\Voke\.vscode\extensions\redhat.java-1.8.0-win32-x64\jre\17.0.3-win32-x86_64\bin\vcruntime140_1.dll
0x00007ff8cf060000 - 0x00007ff8cf0f1000 	C:\Users\Voke\.vscode\extensions\redhat.java-1.8.0-win32-x64\jre\17.0.3-win32-x86_64\bin\msvcp140.dll
0x00007ff8ccd30000 - 0x00007ff8cd978000 	C:\Users\Voke\.vscode\extensions\redhat.java-1.8.0-win32-x64\jre\17.0.3-win32-x86_64\bin\server\jvm.dll
0x00007ff91d440000 - 0x00007ff91d4ec000 	C:\Windows\System32\ADVAPI32.dll
0x00007ff91dd20000 - 0x00007ff91ddbb000 	C:\Windows\System32\sechost.dll
0x00007ff91da10000 - 0x00007ff91db3a000 	C:\Windows\System32\RPCRT4.dll
0x00007ff91e110000 - 0x00007ff91e118000 	C:\Windows\System32\PSAPI.DLL
0x00007ff8f2600000 - 0x00007ff8f2609000 	C:\Windows\SYSTEM32\WSOCK32.dll
0x00007ff91df80000 - 0x00007ff91dfeb000 	C:\Windows\System32\WS2_32.dll
0x00007ff90ee60000 - 0x00007ff90ee87000 	C:\Windows\SYSTEM32\WINMM.dll
0x00007ff914770000 - 0x00007ff91477a000 	C:\Windows\SYSTEM32\VERSION.dll
0x00007ff91aaf0000 - 0x00007ff91ab02000 	C:\Windows\SYSTEM32\kernel.appcore.dll
0x00007ff8ef230000 - 0x00007ff8ef23a000 	C:\Users\Voke\.vscode\extensions\redhat.java-1.8.0-win32-x64\jre\17.0.3-win32-x86_64\bin\jimage.dll
0x00007ff91a070000 - 0x00007ff91a254000 	C:\Windows\SYSTEM32\DBGHELP.DLL
0x00007ff90a970000 - 0x00007ff90a99c000 	C:\Windows\SYSTEM32\dbgcore.DLL
0x00007ff91ca70000 - 0x00007ff91caf3000 	C:\Windows\System32\bcryptPrimitives.dll
0x00007ff8cf030000 - 0x00007ff8cf055000 	C:\Users\Voke\.vscode\extensions\redhat.java-1.8.0-win32-x64\jre\17.0.3-win32-x86_64\bin\java.dll
0x00007ff8cf010000 - 0x00007ff8cf028000 	C:\Users\Voke\.vscode\extensions\redhat.java-1.8.0-win32-x64\jre\17.0.3-win32-x86_64\bin\zip.dll
0x00007ff91e120000 - 0x00007ff91e85f000 	C:\Windows\System32\SHELL32.dll
0x00007ff91a350000 - 0x00007ff91aae0000 	C:\Windows\SYSTEM32\windows.storage.dll
0x00007ff91d030000 - 0x00007ff91d385000 	C:\Windows\System32\combase.dll
0x00007ff91bcc0000 - 0x00007ff91bcec000 	C:\Windows\SYSTEM32\Wldp.dll
0x00007ff91d730000 - 0x00007ff91d7dd000 	C:\Windows\System32\SHCORE.dll
0x00007ff91d5e0000 - 0x00007ff91d635000 	C:\Windows\System32\shlwapi.dll
0x00007ff91c1b0000 - 0x00007ff91c1cf000 	C:\Windows\SYSTEM32\profapi.dll
0x00007ff8ceff0000 - 0x00007ff8cf009000 	C:\Users\Voke\.vscode\extensions\redhat.java-1.8.0-win32-x64\jre\17.0.3-win32-x86_64\bin\net.dll
0x00007ff90ee90000 - 0x00007ff90ef98000 	C:\Windows\SYSTEM32\WINHTTP.dll
0x00007ff91ba20000 - 0x00007ff91ba8a000 	C:\Windows\system32\mswsock.dll
0x00007ff8cefd0000 - 0x00007ff8cefe5000 	C:\Users\Voke\.vscode\extensions\redhat.java-1.8.0-win32-x64\jre\17.0.3-win32-x86_64\bin\nio.dll
0x00007ff902360000 - 0x00007ff902369000 	C:\Users\Voke\.vscode\extensions\redhat.java-1.8.0-win32-x64\jre\17.0.3-win32-x86_64\bin\management.dll
0x00007ff8fb5a0000 - 0x00007ff8fb5ab000 	C:\Users\Voke\.vscode\extensions\redhat.java-1.8.0-win32-x64\jre\17.0.3-win32-x86_64\bin\management_ext.dll
0x00007ff915e30000 - 0x00007ff915e47000 	C:\Windows\system32\napinsp.dll
0x00007ff915cc0000 - 0x00007ff915cdb000 	C:\Windows\system32\pnrpnsp.dll
0x00007ff8fc650000 - 0x00007ff8fc665000 	C:\Windows\system32\wshbth.dll
0x00007ff917a80000 - 0x00007ff917a9d000 	C:\Windows\system32\NLAapi.dll
0x00007ff91b6c0000 - 0x00007ff91b6fb000 	C:\Windows\SYSTEM32\IPHLPAPI.DLL
0x00007ff91b710000 - 0x00007ff91b7dc000 	C:\Windows\SYSTEM32\DNSAPI.dll
0x00007ff91d020000 - 0x00007ff91d028000 	C:\Windows\System32\NSI.dll
0x00007ff915ca0000 - 0x00007ff915cb2000 	C:\Windows\System32\winrnr.dll
0x00007ff90da20000 - 0x00007ff90da2a000 	C:\Windows\System32\rasadhlp.dll
0x00007ff90e160000 - 0x00007ff90e1df000 	C:\Windows\System32\fwpuclnt.dll
0x00007ff91c880000 - 0x00007ff91c8a7000 	C:\Windows\System32\bcrypt.dll
0x00007ff91bc10000 - 0x00007ff91bc28000 	C:\Windows\SYSTEM32\CRYPTSP.dll
0x00007ff91b330000 - 0x00007ff91b364000 	C:\Windows\system32\rsaenh.dll
0x00007ff91c170000 - 0x00007ff91c19e000 	C:\Windows\SYSTEM32\USERENV.dll
0x00007ff91bc30000 - 0x00007ff91bc3c000 	C:\Windows\SYSTEM32\CRYPTBASE.dll
0x00007ff913eb0000 - 0x00007ff913ec7000 	C:\Windows\SYSTEM32\dhcpcsvc6.DLL
0x00007ff914810000 - 0x00007ff91482d000 	C:\Windows\SYSTEM32\dhcpcsvc.DLL
0x00007ff8ef1f0000 - 0x00007ff8ef200000 	C:\Users\Voke\.vscode\extensions\redhat.java-1.8.0-win32-x64\jre\17.0.3-win32-x86_64\bin\verify.dll
0x00007ff8fa8f0000 - 0x00007ff8fa8fe000 	C:\Users\Voke\.vscode\extensions\redhat.java-1.8.0-win32-x64\jre\17.0.3-win32-x86_64\bin\sunmscapi.dll
0x00007ff91c8b0000 - 0x00007ff91ca06000 	C:\Windows\System32\CRYPT32.dll
0x00007ff91bd30000 - 0x00007ff91bd57000 	C:\Windows\SYSTEM32\ncrypt.dll
0x00007ff91bcf0000 - 0x00007ff91bd2b000 	C:\Windows\SYSTEM32\NTASN1.dll
0x00007ff916970000 - 0x00007ff916977000 	C:\Windows\system32\wshunix.dll

dbghelp: loaded successfully - version: 4.0.5 - missing functions: none
symbol engine: initialized successfully - sym options: 0x614 - pdb path: .;C:\Users\Voke\.vscode\extensions\redhat.java-1.8.0-win32-x64\jre\17.0.3-win32-x86_64\bin;C:\Windows\SYSTEM32;C:\Windows\WinSxS\amd64_microsoft.windows.common-controls_6595b64144ccf1df_6.0.19041.1110_none_60b5254171f9507e;C:\Users\Voke\.vscode\extensions\redhat.java-1.8.0-win32-x64\jre\17.0.3-win32-x86_64\bin\server

VM Arguments:
jvm_args: -Dcom.sun.management.jmxremote -Dcom.sun.management.jmxremote.port=52491 -Dcom.sun.management.jmxremote.authenticate=false -Dcom.sun.management.jmxremote.ssl=false -Djava.rmi.server.hostname=localhost -Dspring.application.admin.enabled=true -Dspring.jmx.enabled=true -Dspring.boot.project.name=webbanhang -XX:+ShowCodeDetailsInExceptionMessages 
java_command: com.mywebsite.webbanhang.WebbanhangApplication
java_class_path (initial): D:\D\My_Java_Workspace\webbanhang\target\classes;C:\Users\Voke\.m2\repository\org\springframework\boot\spring-boot-starter-data-jpa\2.7.1\spring-boot-starter-data-jpa-2.7.1.jar;C:\Users\Voke\.m2\repository\org\springframework\boot\spring-boot-starter-aop\2.7.1\spring-boot-starter-aop-2.7.1.jar;C:\Users\Voke\.m2\repository\org\aspectj\aspectjweaver\1.9.7\aspectjweaver-1.9.7.jar;C:\Users\Voke\.m2\repository\org\springframework\boot\spring-boot-starter-jdbc\2.7.1\spring-boot-starter-jdbc-2.7.1.jar;C:\Users\Voke\.m2\repository\com\zaxxer\HikariCP\4.0.3\HikariCP-4.0.3.jar;C:\Users\Voke\.m2\repository\org\springframework\spring-jdbc\5.3.21\spring-jdbc-5.3.21.jar;C:\Users\Voke\.m2\repository\jakarta\transaction\jakarta.transaction-api\1.3.3\jakarta.transaction-api-1.3.3.jar;C:\Users\Voke\.m2\repository\jakarta\persistence\jakarta.persistence-api\2.2.3\jakarta.persistence-api-2.2.3.jar;C:\Users\Voke\.m2\repository\org\hibernate\hibernate-core\5.6.9.Final\hibernate-core-5.6.9.Final.jar;C:\Users\Voke\.m2\repository\org\jboss\logging\jboss-logging\3.4.3.Final\jboss-logging-3.4.3.Final.jar;C:\Users\Voke\.m2\repository\net\bytebuddy\byte-buddy\1.12.11\byte-buddy-1.12.11.jar;C:\Users\Voke\.m2\repository\antlr\antlr\2.7.7\antlr-2.7.7.jar;C:\Users\Voke\.m2\repository\org\jboss\jandex\2.4.2.Final\jandex-2.4.2.Final.jar;C:\Users\Voke\.m2\repository\com\fasterxml\classmate\1.5.1\classmate-1.5.1.jar;C:\Users\Voke\.m2\repository\org\hibernate\common\hibernate-commons-annotations\5.1.2.Final\hibernate-commons-annotations-5.1.2.Final.jar;C:\Users\Voke\.m2\repository\org\glassfish\jaxb\jaxb-runtime\2.3.6\jaxb-runtime-2.3.6.jar;C:\Users\Voke\.m2\repository\org\glassfish\jaxb\txw2\2.3.6\txw2-2.3.6.jar;C:\Users\Voke\.m2\repository\com\sun\istack\istack-commons-runtime\3.0.12\istack-commons-runtime-3.0.12.jar;C:\Users\Voke\.m2\repository\com\sun\activation\jakarta.activation\1.2.2\jakarta.activation-1.2.2.jar;C:\Users\Voke\.m2\repository\org\springframework\data\sp
Launcher Type: SUN_STANDARD

[Global flags]
     intx CICompilerCount                          = 3                                         {product} {ergonomic}
     uint ConcGCThreads                            = 1                                         {product} {ergonomic}
     uint G1ConcRefinementThreads                  = 4                                         {product} {ergonomic}
   size_t G1HeapRegionSize                         = 1048576                                   {product} {ergonomic}
    uintx GCDrainStackTargetSize                   = 64                                        {product} {ergonomic}
   size_t InitialHeapSize                          = 134217728                                 {product} {ergonomic}
     bool ManagementServer                         = true                                      {product} {command line}
   size_t MarkStackSize                            = 4194304                                   {product} {ergonomic}
   size_t MaxHeapSize                              = 2118123520                                {product} {ergonomic}
   size_t MaxNewSize                               = 1270874112                                {product} {ergonomic}
   size_t MinHeapDeltaBytes                        = 1048576                                   {product} {ergonomic}
   size_t MinHeapSize                              = 8388608                                   {product} {ergonomic}
    uintx NonNMethodCodeHeapSize                   = 5832780                                {pd product} {ergonomic}
    uintx NonProfiledCodeHeapSize                  = 122912730                              {pd product} {ergonomic}
    uintx ProfiledCodeHeapSize                     = 122912730                              {pd product} {ergonomic}
    uintx ReservedCodeCacheSize                    = 251658240                              {pd product} {ergonomic}
     bool SegmentedCodeCache                       = true                                      {product} {ergonomic}
     bool ShowCodeDetailsInExceptionMessages       = true                                   {manageable} {command line}
   size_t SoftMaxHeapSize                          = 2118123520                             {manageable} {ergonomic}
     bool UseCompressedClassPointers               = true                           {product lp64_product} {ergonomic}
     bool UseCompressedOops                        = true                           {product lp64_product} {ergonomic}
     bool UseG1GC                                  = true                                      {product} {ergonomic}
     bool UseLargePagesIndividualAllocation        = false                                  {pd product} {ergonomic}

Logging:
Log output configuration:
 #0: stdout all=warning uptime,level,tags
 #1: stderr all=off uptime,level,tags

Environment Variables:
PATH=C:\Program Files\Common Files\Oracle\Java\javapath;C:\Windows\system32;C:\Windows;C:\Windows\System32\Wbem;C:\Windows\System32\WindowsPowerShell\v1.0\;C:\Windows\System32\OpenSSH\;C:\Program Files (x86)\NVIDIA Corporation\PhysX\Common;C:\Users\Voke\AppData\Local\Microsoft\WindowsApps;;C:\Users\Voke\AppData\Local\Programs\Microsoft VS Code\bin
USERNAME=Voke
LANG=en_US.UTF-8
OS=Windows_NT
PROCESSOR_IDENTIFIER=Intel64 Family 6 Model 60 Stepping 3, GenuineIntel



---------------  S Y S T E M  ---------------

OS:
 Windows 10 , 64 bit Build 19041 (10.0.19041.1202)
OS uptime: 0 days 2:01 hours

CPU: total 4 (initial active 4) (2 cores per cpu, 2 threads per core) family 6 model 60 stepping 3 microcode 0x27, cx8, cmov, fxsr, ht, mmx, sse, sse2, sse3, ssse3, sse4.1, sse4.2, popcnt, lzcnt, tsc, tscinvbit, avx, avx2, aes, erms, clmul, bmi1, bmi2, fma, vzeroupper, clflush

Memory: 4k page, system-wide physical 8076M (3374M free)
TotalPageFile size 9996M (AvailPageFile size 3899M)
current process WorkingSet (physical memory assigned to process): 328M, peak: 346M
current process commit charge ("private bytes"): 352M, peak: 449M

vm_info: OpenJDK 64-Bit Server VM (17.0.3+7) for windows-amd64 JRE (17.0.3+7), built on Apr 19 2022 16:55:35 by "" with MS VC++ 16.7 (VS2019)

END.
